  Source.cpp
C:\Users\cortex\source\repos\2021-06-25\2021-06-25\Source.cpp(106,9): error C2760: syntax error: '}' was unexpected here; expected 'statement'
C:\Users\cortex\source\repos\2021-06-25\2021-06-25\Source.cpp(130): message : see reference to class template instantiation 'Kolekcija<T1,T2>' being compiled
C:\Users\cortex\source\repos\2021-06-25\2021-06-25\Source.cpp(277,27): warning C4018: '<': signed/unsigned mismatch
C:\Users\cortex\source\repos\2021-06-25\2021-06-25\Source.cpp(281,1): error C2664: 'bool ProvjeriJesuLiIsti(Predmet,Predmet)': cannot convert argument 1 from 'eRazred' to 'Predmet'
C:\Users\cortex\source\repos\2021-06-25\2021-06-25\Source.cpp(281,40): message : No user-defined-conversion operator available that can perform this conversion, or the operator cannot be called
C:\Users\cortex\source\repos\2021-06-25\2021-06-25\Source.cpp(243,6): message : see declaration of 'ProvjeriJesuLiIsti'
C:\Users\cortex\source\repos\2021-06-25\2021-06-25\Source.cpp(283,29): error C2039: 'ProsjecnaOcjena': is not a member of 'Predmet'
C:\Users\cortex\source\repos\2021-06-25\2021-06-25\Source.cpp(166): message : see declaration of 'Predmet'
C:\Users\cortex\source\repos\2021-06-25\2021-06-25\Source.cpp(290,31): error C3861: 'GetDosadasnjiUspjeh': identifier not found
C:\Users\cortex\source\repos\2021-06-25\2021-06-25\Source.cpp(291,43): error C2039: 'GetProsjekOcjena': is not a member of 'Uspjeh'
C:\Users\cortex\source\repos\2021-06-25\2021-06-25\Source.cpp(215): message : see declaration of 'Uspjeh'
C:\Users\cortex\source\repos\2021-06-25\2021-06-25\Source.cpp(292,17): error C2065: 'thread': undeclared identifier
C:\Users\cortex\source\repos\2021-06-25\2021-06-25\Source.cpp(292,24): error C2146: syntax error: missing ';' before identifier 't1'
C:\Users\cortex\source\repos\2021-06-25\2021-06-25\Source.cpp(292,38): error C2039: 'SaljemMejl': is not a member of 'Kandidat'
C:\Users\cortex\source\repos\2021-06-25\2021-06-25\Source.cpp(248): message : see declaration of 'Kandidat'
C:\Users\cortex\source\repos\2021-06-25\2021-06-25\Source.cpp(292,1): error C2065: 'SaljemMejl': undeclared identifier
C:\Users\cortex\source\repos\2021-06-25\2021-06-25\Source.cpp(292,24): error C3861: 't1': identifier not found
C:\Users\cortex\source\repos\2021-06-25\2021-06-25\Source.cpp(293,17): error C2065: 't1': undeclared identifier
C:\Users\cortex\source\repos\2021-06-25\2021-06-25\Source.cpp(295,21): error C2065: 'thread': undeclared identifier
C:\Users\cortex\source\repos\2021-06-25\2021-06-25\Source.cpp(295,28): error C2146: syntax error: missing ';' before identifier 't2'
C:\Users\cortex\source\repos\2021-06-25\2021-06-25\Source.cpp(295,42): error C2039: 'SaljemSMS': is not a member of 'Kandidat'
C:\Users\cortex\source\repos\2021-06-25\2021-06-25\Source.cpp(248): message : see declaration of 'Kandidat'
C:\Users\cortex\source\repos\2021-06-25\2021-06-25\Source.cpp(295,1): error C2065: 'SaljemSMS': undeclared identifier
C:\Users\cortex\source\repos\2021-06-25\2021-06-25\Source.cpp(295,28): error C3861: 't2': identifier not found
C:\Users\cortex\source\repos\2021-06-25\2021-06-25\Source.cpp(296,21): error C2065: 't2': undeclared identifier
C:\Users\cortex\source\repos\2021-06-25\2021-06-25\Source.cpp(341,13): warning C4326: return type of 'main' should be 'int' instead of 'void'
